<?xml version="1.0" encoding="UTF-8"?>
<testsuite xmlns:xsi="http://www.w3.org/2001/XMLSchema-instance" xsi:noNamespaceSchemaLocation="https://maven.apache.org/surefire/maven-surefire-plugin/xsd/surefire-test-report-3.0.xsd" version="3.0" name="TestSuite" time="28.36" tests="2" errors="0" skipped="0" failures="1">
  <properties>
[...]
</properties>
  <testcase name="runScenario[&quot;Validate the title&quot;, &quot;Registar Form&quot;](1)" classname="TestRunner.RegistrationRunner" time="12.381">
    <system-out><![CDATA[
Scenario: Validate the title                     &amp#27;[90m# src/test/resources/applicationfeature/Registration.feature:3&amp#27;[0m
Before hook is executing
Beforestep hook is executing
  &amp#27;[32mGiven &amp#27;[0m&amp#27;[32mUser is at the landing page&amp#27;[0m              &amp#27;[90m# Stepdefination.Stepregister.user_is_at_the_landing_page()&amp#27;[0m
Afterstep hook is executing
Beforestep hook is executing
  &amp#27;[32mThen &amp#27;[0m&amp#27;[32mPage title should contain &amp#27;[0m&amp#27;[32m&amp#27;[1m"HYR Tutorials"&amp#27;[0m &amp#27;[90m# Stepdefination.Stepregister.page_title_should_contain(java.lang.String)&amp#27;[0m
Afterstep hook is executing
After hook is executing
]]></system-out>
    <system-err><![CDATA[SLF4J: No SLF4J providers were found.
SLF4J: Defaulting to no-operation (NOP) logger implementation
SLF4J: See https://www.slf4j.org/codes.html#noProviders for further details.
SLF4J: Class path contains SLF4J bindings targeting slf4j-api versions 1.7.x or earlier.
SLF4J: Ignoring binding found at [jar:file:/C:/Users/Admin/.m2/repository/org/slf4j/slf4j-simple/1.7.36/slf4j-simple-1.7.36.jar!/org/slf4j/impl/StaticLoggerBinder.class]
SLF4J: See https://www.slf4j.org/codes.html#ignoredBindings for an explanation.
Feb 27, 2025 8:21:24 PM org.openqa.selenium.devtools.CdpVersionFinder findNearestMatch
WARNING: Unable to find CDP implementation matching 133
Feb 27, 2025 8:21:24 PM org.openqa.selenium.chromium.ChromiumDriver lambda$new$5
WARNING: Unable to find version of CDP to use for 133.0.6943.127. You may need to include a dependency on a specific version of the CDP using something similar to `org.seleniumhq.selenium:selenium-devtools-v86:4.20.0` where the version ("v86") matches the version of the chromium-based browser you're using and the version number of the artifact is the same as Selenium's.
]]></system-err>
  </testcase>
  <testcase name="runScenario[&quot;Fill the all detail&quot;, &quot;Registar Form&quot;](2)" classname="TestRunner.RegistrationRunner" time="11.626">
    <failure message="no such element: Unable to locate element: {&quot;method&quot;:&quot;xpath&quot;,&quot;selector&quot;:&quot;//button[text()=&apos;Clea&apos;]&quot;}&#10;  (Session info: chrome=133.0.6943.127)&#10;For documentation on this error, please visit: https://www.selenium.dev/documentation/webdriver/troubleshooting/errors#no-such-element-exception&#10;Build info: version: &apos;4.20.0&apos;, revision: &apos;866c76ca80&apos;&#10;System info: os.name: &apos;Windows 10&apos;, os.arch: &apos;amd64&apos;, os.version: &apos;10.0&apos;, java.version: &apos;21.0.6&apos;&#10;Driver info: org.openqa.selenium.chrome.ChromeDriver&#10;Command: [c867e2aa03d86480a18ff2b9beb028ce, findElement {using=xpath, value=//button[text()=&apos;Clea&apos;]}]&#10;Capabilities {acceptInsecureCerts: false, browserName: chrome, browserVersion: 133.0.6943.127, chrome: {chromedriverVersion: 133.0.6943.141 (2a5d6da0d61..., userDataDir: C:\Users\Admin\AppData\Loca...}, fedcm:accounts: true, goog:chromeOptions: {debuggerAddress: localhost:46762}, networkConnectionEnabled: false, pageLoadStrategy: normal, platformName: windows, proxy: Proxy(), se:cdp: ws://localhost:46762/devtoo..., se:cdpVersion: 133.0.6943.127, setWindowRect: true, strictFileInteractability: false, timeouts: {implicit: 0, pageLoad: 300000, script: 30000}, unhandledPromptBehavior: dismiss and notify, webauthn:extension:credBlob: true, webauthn:extension:largeBlob: true, webauthn:extension:minPinLength: true, webauthn:extension:prf: true, webauthn:virtualAuthenticators: true}&#10;Session ID: c867e2aa03d86480a18ff2b9beb028ce" type="org.openqa.selenium.NoSuchElementException"><![CDATA[org.openqa.selenium.NoSuchElementException: 
no such element: Unable to locate element: {"method":"xpath","selector":"//button[text()='Clea']"}
  (Session info: chrome=133.0.6943.127)
For documentation on this error, please visit: https://www.selenium.dev/documentation/webdriver/troubleshooting/errors#no-such-element-exception
Build info: version: '4.20.0', revision: '866c76ca80'
System info: os.name: 'Windows 10', os.arch: 'amd64', os.version: '10.0', java.version: '21.0.6'
Driver info: org.openqa.selenium.chrome.ChromeDriver
Command: [c867e2aa03d86480a18ff2b9beb028ce, findElement {using=xpath, value=//button[text()='Clea']}]
Capabilities {acceptInsecureCerts: false, browserName: chrome, browserVersion: 133.0.6943.127, chrome: {chromedriverVersion: 133.0.6943.141 (2a5d6da0d61..., userDataDir: C:\Users\Admin\AppData\Loca...}, fedcm:accounts: true, goog:chromeOptions: {debuggerAddress: localhost:46762}, networkConnectionEnabled: false, pageLoadStrategy: normal, platformName: windows, proxy: Proxy(), se:cdp: ws://localhost:46762/devtoo..., se:cdpVersion: 133.0.6943.127, setWindowRect: true, strictFileInteractability: false, timeouts: {implicit: 0, pageLoad: 300000, script: 30000}, unhandledPromptBehavior: dismiss and notify, webauthn:extension:credBlob: true, webauthn:extension:largeBlob: true, webauthn:extension:minPinLength: true, webauthn:extension:prf: true, webauthn:virtualAuthenticators: true}
Session ID: c867e2aa03d86480a18ff2b9beb028ce
	at java.base/jdk.internal.reflect.DirectConstructorHandleAccessor.newInstance(DirectConstructorHandleAccessor.java:62)
	at java.base/java.lang.reflect.Constructor.newInstanceWithCaller(Constructor.java:502)
	at java.base/java.lang.reflect.Constructor.newInstance(Constructor.java:486)
	at org.openqa.selenium.remote.ErrorCodec.decode(ErrorCodec.java:167)
	at org.openqa.selenium.remote.codec.w3c.W3CHttpResponseCodec.decode(W3CHttpResponseCodec.java:138)
	at org.openqa.selenium.remote.codec.w3c.W3CHttpResponseCodec.decode(W3CHttpResponseCodec.java:50)
	at org.openqa.selenium.remote.HttpCommandExecutor.execute(HttpCommandExecutor.java:190)
	at org.openqa.selenium.remote.service.DriverCommandExecutor.invokeExecute(DriverCommandExecutor.java:216)
	at org.openqa.selenium.remote.service.DriverCommandExecutor.execute(DriverCommandExecutor.java:174)
	at org.openqa.selenium.remote.RemoteWebDriver.execute(RemoteWebDriver.java:518)
	at org.openqa.selenium.remote.ElementLocation$ElementFinder$2.findElement(ElementLocation.java:165)
	at org.openqa.selenium.remote.ElementLocation.findElement(ElementLocation.java:59)
	at org.openqa.selenium.remote.RemoteWebDriver.findElement(RemoteWebDriver.java:355)
	at org.openqa.selenium.remote.RemoteWebDriver.findElement(RemoteWebDriver.java:349)
	at org.openqa.selenium.support.pagefactory.DefaultElementLocator.findElement(DefaultElementLocator.java:68)
	at org.openqa.selenium.support.pagefactory.internal.LocatingElementHandler.invoke(LocatingElementHandler.java:38)
	at jdk.proxy2/jdk.proxy2.$Proxy25.click(Unknown Source)
	at Pages.Registration.Reset(Registration.java:69)
	at Stepdefination.Stepregister.click_on_reset(Stepregister.java:69)
	at ✽.Click on reset(file:///C:/Users/Admin/eclipse-workspace/ATTBDDCucumberBasic/src/test/resources/applicationfeature/Registration.feature:14)
]]></failure>
    <system-out><![CDATA[
Scenario: Fill the all detail              &amp#27;[90m# src/test/resources/applicationfeature/Registration.feature:7&amp#27;[0m
Before hook is executing
Beforestep hook is executing
  &amp#27;[32mGiven &amp#27;[0m&amp#27;[32mUser is at the landing page&amp#27;[0m        &amp#27;[90m# Stepdefination.Stepregister.user_is_at_the_landing_page()&amp#27;[0m
Afterstep hook is executing
Beforestep hook is executing
  &amp#27;[32mWhen &amp#27;[0m&amp#27;[32mEnter the First Name &amp#27;[0m&amp#27;[32m&amp#27;[1m"Binod"&amp#27;[0m        &amp#27;[90m# Stepdefination.Stepregister.enter_the_first_name(java.lang.String)&amp#27;[0m
Afterstep hook is executing
Beforestep hook is executing
  &amp#27;[32mAnd &amp#27;[0m&amp#27;[32mEnter the Last Name &amp#27;[0m&amp#27;[32m&amp#27;[1m"Mishra"&amp#27;[0m         &amp#27;[90m# Stepdefination.Stepregister.enter_the_last_name(java.lang.String)&amp#27;[0m
Afterstep hook is executing
Beforestep hook is executing
  &amp#27;[32mAnd &amp#27;[0m&amp#27;[32mEnter the Email &amp#27;[0m&amp#27;[32m&amp#27;[1m"abc@gmail"&amp#27;[0m          &amp#27;[90m# Stepdefination.Stepregister.enter_the_email(java.lang.String)&amp#27;[0m
Afterstep hook is executing
Beforestep hook is executing
  &amp#27;[32mAnd &amp#27;[0m&amp#27;[32mEnter the Password &amp#27;[0m&amp#27;[32m&amp#27;[1m"Test@123"&amp#27;[0m        &amp#27;[90m# Stepdefination.Stepregister.enter_the_password(java.lang.String)&amp#27;[0m
Afterstep hook is executing
Beforestep hook is executing
  &amp#27;[32mAnd &amp#27;[0m&amp#27;[32mEnter the Repeat Password &amp#27;[0m&amp#27;[32m&amp#27;[1m"Test@123"&amp#27;[0m &amp#27;[90m# Stepdefination.Stepregister.enter_the_repeat_password(java.lang.String)&amp#27;[0m
Afterstep hook is executing
Beforestep hook is executing
  &amp#27;[31mAnd &amp#27;[0m&amp#27;[31mClick on reset&amp#27;[0m                       &amp#27;[90m# Stepdefination.Stepregister.click_on_reset()&amp#27;[0m
      &amp#27;[31morg.openqa.selenium.NoSuchElementException: no such element: Unable to locate element: {"method":"xpath","selector":"//button[text()='Clea']"}
  (Session info: chrome=133.0.6943.127)
For documentation on this error, please visit: https://www.selenium.dev/documentation/webdriver/troubleshooting/errors#no-such-element-exception
Build info: version: '4.20.0', revision: '866c76ca80'
System info: os.name: 'Windows 10', os.arch: 'amd64', os.version: '10.0', java.version: '21.0.6'
Driver info: org.openqa.selenium.chrome.ChromeDriver
Command: [c867e2aa03d86480a18ff2b9beb028ce, findElement {using=xpath, value=//button[text()='Clea']}]
Capabilities {acceptInsecureCerts: false, browserName: chrome, browserVersion: 133.0.6943.127, chrome: {chromedriverVersion: 133.0.6943.141 (2a5d6da0d61..., userDataDir: C:\Users\Admin\AppData\Loca...}, fedcm:accounts: true, goog:chromeOptions: {debuggerAddress: localhost:46762}, networkConnectionEnabled: false, pageLoadStrategy: normal, platformName: windows, proxy: Proxy(), se:cdp: ws://localhost:46762/devtoo..., se:cdpVersion: 133.0.6943.127, setWindowRect: true, strictFileInteractability: false, timeouts: {implicit: 0, pageLoad: 300000, script: 30000}, unhandledPromptBehavior: dismiss and notify, webauthn:extension:credBlob: true, webauthn:extension:largeBlob: true, webauthn:extension:minPinLength: true, webauthn:extension:prf: true, webauthn:virtualAuthenticators: true}
Session ID: c867e2aa03d86480a18ff2b9beb028ce
	at java.base/jdk.internal.reflect.DirectConstructorHandleAccessor.newInstance(DirectConstructorHandleAccessor.java:62)
	at java.base/java.lang.reflect.Constructor.newInstanceWithCaller(Constructor.java:502)
	at java.base/java.lang.reflect.Constructor.newInstance(Constructor.java:486)
	at org.openqa.selenium.remote.ErrorCodec.decode(ErrorCodec.java:167)
	at org.openqa.selenium.remote.codec.w3c.W3CHttpResponseCodec.decode(W3CHttpResponseCodec.java:138)
	at org.openqa.selenium.remote.codec.w3c.W3CHttpResponseCodec.decode(W3CHttpResponseCodec.java:50)
	at org.openqa.selenium.remote.HttpCommandExecutor.execute(HttpCommandExecutor.java:190)
	at org.openqa.selenium.remote.service.DriverCommandExecutor.invokeExecute(DriverCommandExecutor.java:216)
	at org.openqa.selenium.remote.service.DriverCommandExecutor.execute(DriverCommandExecutor.java:174)
	at org.openqa.selenium.remote.RemoteWebDriver.execute(RemoteWebDriver.java:518)
	at org.openqa.selenium.remote.ElementLocation$ElementFinder$2.findElement(ElementLocation.java:165)
	at org.openqa.selenium.remote.ElementLocation.findElement(ElementLocation.java:59)
	at org.openqa.selenium.remote.RemoteWebDriver.findElement(RemoteWebDriver.java:355)
	at org.openqa.selenium.remote.RemoteWebDriver.findElement(RemoteWebDriver.java:349)
	at org.openqa.selenium.support.pagefactory.DefaultElementLocator.findElement(DefaultElementLocator.java:68)
	at org.openqa.selenium.support.pagefactory.internal.LocatingElementHandler.invoke(LocatingElementHandler.java:38)
	at jdk.proxy2/jdk.proxy2.$Proxy25.click(Unknown Source)
	at Pages.Registration.Reset(Registration.java:69)
	at Stepdefination.Stepregister.click_on_reset(Stepregister.java:69)
	at ✽.Click on reset(file:///C:/Users/Admin/eclipse-workspace/ATTBDDCucumberBasic/src/test/resources/applicationfeature/Registration.feature:14)
&amp#27;[0m
Afterstep hook is executing
After hook is executing

    Embedding Fill_the_all_detail [image/png 44606 bytes]

]]></system-out>
    <system-err><![CDATA[Feb 27, 2025 8:21:35 PM org.openqa.selenium.devtools.CdpVersionFinder findNearestMatch
WARNING: Unable to find CDP implementation matching 133
Feb 27, 2025 8:21:35 PM org.openqa.selenium.chromium.ChromiumDriver lambda$new$5
WARNING: Unable to find version of CDP to use for 133.0.6943.127. You may need to include a dependency on a specific version of the CDP using something similar to `org.seleniumhq.selenium:selenium-devtools-v86:4.20.0` where the version ("v86") matches the version of the chromium-based browser you're using and the version number of the artifact is the same as Selenium's.
]]></system-err>
  </testcase>
</testsuite>